\BOOKMARK [1][-]{section.1}{\376\377\000I\000n\000t\000r\000o\000d\000u\000c\000t\000i\000o\000n}{}% 1
\BOOKMARK [1][-]{section.2}{\376\377\000M\000e\000t\000h\000o\000d\000o\000l\000o\000g\000y}{}% 2
\BOOKMARK [2][-]{subsection.2.1}{\376\377\000V\000i\000r\000t\000u\000a\000l\000\040\000M\000a\000c\000h\000i\000n\000e\000\040\000\050\000V\000M\000\051\000\040\000S\000e\000t\000u\000p}{section.2}% 3
\BOOKMARK [3][-]{subsubsection.2.1.1}{\376\377\000T\000e\000m\000p\000l\000a\000t\000e\000\040\000M\000a\000c\000h\000i\000n\000e\000\040\000C\000o\000n\000f\000i\000g\000u\000r\000a\000t\000i\000o\000n}{subsection.2.1}% 4
\BOOKMARK [3][-]{subsubsection.2.1.2}{\376\377\000N\000e\000t\000w\000o\000r\000k\000\040\000A\000d\000a\000p\000t\000e\000r\000s\000\040\000C\000o\000n\000f\000i\000g\000u\000r\000a\000t\000i\000o\000n}{subsection.2.1}% 5
\BOOKMARK [3][-]{subsubsection.2.1.3}{\376\377\000M\000a\000s\000t\000e\000r\000\040\000N\000o\000d\000e\000\040\000C\000o\000n\000f\000i\000g\000u\000r\000a\000t\000i\000o\000n}{subsection.2.1}% 6
\BOOKMARK [3][-]{subsubsection.2.1.4}{\376\377\000W\000o\000r\000k\000e\000r\000\040\000N\000o\000d\000e\000s\000\040\000C\000o\000n\000f\000i\000g\000u\000r\000a\000t\000i\000o\000n}{subsection.2.1}% 7
\BOOKMARK [2][-]{subsection.2.2}{\376\377\000C\000o\000n\000t\000a\000i\000n\000e\000r\000\040\000S\000e\000t\000u\000p}{section.2}% 8
\BOOKMARK [3][-]{subsubsection.2.2.1}{\376\377\000T\000e\000m\000p\000l\000a\000t\000e\000\040\000M\000a\000c\000h\000i\000n\000e\000\040\000C\000o\000n\000f\000i\000g\000u\000r\000a\000t\000i\000o\000n\000\040\000\050\000D\000o\000c\000k\000e\000r\000f\000i\000l\000e\000\051}{subsection.2.2}% 9
\BOOKMARK [3][-]{subsubsection.2.2.2}{\376\377\000C\000l\000u\000s\000t\000e\000r\000\040\000C\000o\000n\000f\000i\000g\000u\000r\000a\000t\000i\000o\000n\000\040\000\050\000D\000o\000c\000k\000e\000r\000\040\000C\000o\000m\000p\000o\000s\000e\000\051}{subsection.2.2}% 10
\BOOKMARK [3][-]{subsubsection.2.2.3}{\376\377\000S\000t\000a\000r\000t\000i\000n\000g\000\040\000t\000h\000e\000\040\000C\000l\000u\000s\000t\000e\000r}{subsection.2.2}% 11
\BOOKMARK [2][-]{subsection.2.3}{\376\377\000T\000e\000s\000t\000i\000n\000g\000\040\000P\000r\000o\000c\000e\000d\000u\000r\000e\000s}{section.2}% 12
\BOOKMARK [3][-]{subsubsection.2.3.1}{\376\377\000H\000P\000C\000C}{subsection.2.3}% 13
\BOOKMARK [3][-]{subsubsection.2.3.2}{\376\377\000s\000t\000r\000e\000s\000s\000-\000n\000g}{subsection.2.3}% 14
\BOOKMARK [3][-]{subsubsection.2.3.3}{\376\377\000s\000y\000s\000b\000e\000n\000c\000h}{subsection.2.3}% 15
\BOOKMARK [3][-]{subsubsection.2.3.4}{\376\377\000i\000o\000z\000o\000n\000e}{subsection.2.3}% 16
\BOOKMARK [3][-]{subsubsection.2.3.5}{\376\377\000i\000p\000e\000r\000f}{subsection.2.3}% 17
\BOOKMARK [1][-]{section.3}{\376\377\000R\000e\000s\000u\000l\000t\000s\000\040\000a\000n\000d\000\040\000D\000i\000s\000c\000u\000s\000s\000i\000o\000n}{}% 18
\BOOKMARK [2][-]{subsection.3.1}{\376\377\000H\000P\000C\000C}{section.3}% 19
\BOOKMARK [3][-]{subsubsection.3.1.1}{\376\377\000C\000o\000m\000p\000u\000t\000e\000\040\000P\000e\000r\000f\000o\000r\000m\000a\000n\000c\000e}{subsection.3.1}% 20
\BOOKMARK [3][-]{subsubsection.3.1.2}{\376\377\000M\000e\000m\000o\000r\000y\000\040\000B\000e\000n\000c\000h\000m\000a\000r\000k\000s}{subsection.3.1}% 21
\BOOKMARK [3][-]{subsubsection.3.1.3}{\376\377\000L\000a\000t\000e\000n\000c\000y\000\040\000a\000n\000d\000\040\000B\000a\000n\000d\000w\000i\000d\000t\000h}{subsection.3.1}% 22
\BOOKMARK [2][-]{subsection.3.2}{\376\377\000s\000t\000r\000e\000s\000s\000-\000n\000g}{section.3}% 23
\BOOKMARK [2][-]{subsection.3.3}{\376\377\000s\000y\000s\000b\000e\000n\000c\000h}{section.3}% 24
\BOOKMARK [2][-]{subsection.3.4}{\376\377\000I\000O\000Z\000o\000n\000e}{section.3}% 25
\BOOKMARK [2][-]{subsection.3.5}{\376\377\000i\000p\000e\000r\000f}{section.3}% 26
\BOOKMARK [1][-]{section.4}{\376\377\000C\000o\000n\000c\000l\000u\000s\000i\000o\000n}{}% 27
