This is pdfTeX, Version 3.141592653-2.6-1.40.25 (TeX Live 2023/Debian) (preloaded format=pdflatex 2025.5.8)  8 MAY 2025 21:53
entering extended mode
 restricted \write18 enabled.
 file:line:error style messages enabled.
 %&-line parsing enabled.
**/home/giovanni/Desktop/cloud-basic/report/main.tex
(/home/giovanni/Desktop/cloud-basic/report/main.tex
LaTeX2e <2023-11-01> patch level 1
L3 programming layer <2024-01-22>
(/usr/share/texlive/texmf-dist/tex/latex/base/article.cls
Document Class: article 2023/05/17 v1.4n Standard LaTeX document class
(/usr/share/texlive/texmf-dist/tex/latex/base/size10.clo
File: size10.clo 2023/05/17 v1.4n Standard LaTeX file (size option)
)
\c@part=\count187
\c@section=\count188
\c@subsection=\count189
\c@subsubsection=\count190
\c@paragraph=\count191
\c@subparagraph=\count192
\c@figure=\count193
\c@table=\count194
\abovecaptionskip=\skip48
\belowcaptionskip=\skip49
\bibindent=\dimen140
) (/usr/share/texlive/texmf-dist/tex/latex/minted/minted.sty
Package: minted 2023/12/18 v2.9 Yet another Pygments shim for LaTeX
 (/usr/share/texlive/texmf-dist/tex/latex/graphics/keyval.sty
Package: keyval 2022/05/29 v1.15 key=value parser (DPC)
\KV@toks@=\toks17
) (/usr/share/texlive/texmf-dist/tex/latex/kvoptions/kvoptions.sty
Package: kvoptions 2022-06-15 v3.15 Key value format for package options (HO)
 (/usr/share/texlive/texmf-dist/tex/generic/ltxcmds/ltxcmds.sty
Package: ltxcmds 2023-12-04 v1.26 LaTeX kernel commands for general use (HO)
) (/usr/share/texlive/texmf-dist/tex/latex/kvsetkeys/kvsetkeys.sty
Package: kvsetkeys 2022-10-05 v1.19 Key value parser (HO)
)) (/usr/share/texlive/texmf-dist/tex/latex/fvextra/fvextra.sty
Package: fvextra 2023/11/28 v1.6.1 fvextra - extensions and patches for fancyvrb
 (/usr/share/texlive/texmf-dist/tex/latex/etoolbox/etoolbox.sty
Package: etoolbox 2020/10/05 v2.5k e-TeX tools for LaTeX (JAW)
\etb@tempcnta=\count195
) (/usr/share/texlive/texmf-dist/tex/latex/fancyvrb/fancyvrb.sty
Package: fancyvrb 2024/01/20 4.5c verbatim text (tvz,hv)
\FV@CodeLineNo=\count196
\FV@InFile=\read2
\FV@TabBox=\box51
\c@FancyVerbLine=\count197
\FV@StepNumber=\count198
\FV@OutFile=\write3
) (/usr/share/texlive/texmf-dist/tex/latex/upquote/upquote.sty
Package: upquote 2012/04/19 v1.3 upright-quote and grave-accent glyphs in verbatim
) (/usr/share/texlive/texmf-dist/tex/latex/lineno/lineno.sty
Package: lineno 2023/05/20 line numbers on paragraphs v5.3
\linenopenalty=\count199
\output=\toks18
\linenoprevgraf=\count266
\linenumbersep=\dimen141
\linenumberwidth=\dimen142
\c@linenumber=\count267
\c@pagewiselinenumber=\count268
\c@LN@truepage=\count269
\c@internallinenumber=\count270
\c@internallinenumbers=\count271
\quotelinenumbersep=\dimen143
\bframerule=\dimen144
\bframesep=\dimen145
\bframebox=\box52
LaTeX Info: Redefining \\ on input line 3180.
)
\c@FancyVerbWriteLine=\count272
\c@FancyVerbBufferIndex=\count273
\c@FancyVerbBufferLength=\count274
\c@FancyVerbBufferLine=\count275
\c@FV@oldbufferlength=\count276
\c@FV@TrueTabGroupLevel=\count277
\c@FV@TrueTabCounter=\count278
\FV@TabBox@Group=\box53
\FV@TmpLength=\skip50
\c@FV@HighlightLinesStart=\count279
\c@FV@HighlightLinesStop=\count280
\FV@LoopCount=\count281
\FV@NCharsBox=\box54
\FV@BreakIndent=\dimen146
\FV@BreakIndentNChars=\count282
\FV@BreakSymbolSepLeft=\dimen147
\FV@BreakSymbolSepLeftNChars=\count283
\FV@BreakSymbolSepRight=\dimen148
\FV@BreakSymbolSepRightNChars=\count284
\FV@BreakSymbolIndentLeft=\dimen149
\FV@BreakSymbolIndentLeftNChars=\count285
\FV@BreakSymbolIndentRight=\dimen150
\FV@BreakSymbolIndentRightNChars=\count286
\c@FancyVerbLineBreakLast=\count287
\FV@LineBox=\box55
\FV@LineIndentBox=\box56
\c@FV@BreakBufferDepth=\count288
\FV@LineWidth=\dimen151
) (/usr/share/texlive/texmf-dist/tex/latex/base/ifthen.sty
Package: ifthen 2022/04/13 v1.1d Standard LaTeX ifthen package (DPC)
) (/usr/share/texlive/texmf-dist/tex/latex/tools/shellesc.sty
Package: shellesc 2023/07/08 v1.0d unified shell escape interface for LaTeX
Package shellesc Info: Restricted shell escape enabled on input line 77.
) (/usr/share/texlive/texmf-dist/tex/latex/ifplatform/ifplatform.sty
Package: ifplatform 2017/10/13 v0.4a Testing for the operating system
 (/usr/share/texlive/texmf-dist/tex/generic/pdftexcmds/pdftexcmds.sty
Package: pdftexcmds 2020-06-27 v0.33 Utility functions of pdfTeX for LuaTeX (HO)
 (/usr/share/texlive/texmf-dist/tex/generic/infwarerr/infwarerr.sty
Package: infwarerr 2019/12/03 v1.5 Providing info/warning/error messages (HO)
) (/usr/share/texlive/texmf-dist/tex/generic/iftex/iftex.sty
Package: iftex 2022/02/03 v1.0f TeX engine tests
)
Package pdftexcmds Info: \pdf@primitive is available.
Package pdftexcmds Info: \pdf@ifprimitive is available.
Package pdftexcmds Info: \pdfdraftmode found.
) (/usr/share/texlive/texmf-dist/tex/generic/catchfile/catchfile.sty
Package: catchfile 2019/12/09 v1.8 Catch the contents of a file (HO)
 (/usr/share/texlive/texmf-dist/tex/generic/etexcmds/etexcmds.sty
Package: etexcmds 2019/12/15 v1.7 Avoid name clashes with e-TeX commands (HO)
)) (/usr/share/texlive/texmf-dist/tex/generic/iftex/ifluatex.sty
Package: ifluatex 2019/10/25 v1.5 ifluatex legacy package. Use iftex instead.
)

Package ifplatform Warning: 
    shell escape is disabled, so I can only detect \ifwindows.

) (/usr/share/texlive/texmf-dist/tex/generic/xstring/xstring.sty (/usr/share/texlive/texmf-dist/tex/generic/xstring/xstring.tex
\xs_counta=\count289
\xs_countb=\count290
)
Package: xstring 2023/08/22 v1.86 String manipulations (CT)
) (/usr/share/texlive/texmf-dist/tex/latex/framed/framed.sty
Package: framed 2011/10/22 v 0.96: framed or shaded text with page breaks
\OuterFrameSep=\skip51
\fb@frw=\dimen152
\fb@frh=\dimen153
\FrameRule=\dimen154
\FrameSep=\dimen155
) (/usr/share/texlive/texmf-dist/tex/latex/float/float.sty
Package: float 2001/11/08 v1.3d Float enhancements (AL)
\c@float@type=\count291
\float@exts=\toks19
\float@box=\box57
\@float@everytoks=\toks20
\@floatcapt=\box58
)
\minted@appexistsfile=\read3
\minted@bgbox=\box59
\minted@code=\write4
\c@minted@FancyVerbLineTemp=\count292
\c@minted@pygmentizecounter=\count293
\@float@every@listing=\toks21
\c@listing=\count294
)
runsystem(mkdir -p _minted-main)...disabled (restricted).



/home/giovanni/Desktop/cloud-basic/report/main.tex:3: Package minted Error: You must invoke LaTeX with the -shell-escape flag.

See the minted package documentation for explanation.
Type  H <return>  for immediate help.
 ...                                              
                                                  
l.3 \setminted
              {fontsize=\small, breaklines, frame=lines}
Pass the -shell-escape flag to LaTeX. Refer to the minted.sty documentation for more information.

(/usr/share/texlive/texmf-dist/tex/latex/listings/listings.sty
\lst@mode=\count295
\lst@gtempboxa=\box60
\lst@token=\toks22
\lst@length=\count296
\lst@currlwidth=\dimen156
\lst@column=\count297
\lst@pos=\count298
\lst@lostspace=\dimen157
\lst@width=\dimen158
\lst@newlines=\count299
\lst@lineno=\count300
\lst@maxwidth=\dimen159
 (/usr/share/texlive/texmf-dist/tex/latex/listings/lstmisc.sty
File: lstmisc.sty 2023/02/27 1.9 (Carsten Heinz)
\c@lstnumber=\count301
\lst@skipnumbers=\count302
\lst@framebox=\box61
) (/usr/share/texlive/texmf-dist/tex/latex/listings/listings.cfg
File: listings.cfg 2023/02/27 1.9 listings configuration
))
Package: listings 2023/02/27 1.9 (Carsten Heinz)
 (/usr/share/texlive/texmf-dist/tex/latex/xcolor/xcolor.sty
Package: xcolor 2023/11/15 v3.01 LaTeX color extensions (UK)
 (/usr/share/texlive/texmf-dist/tex/latex/graphics-cfg/color.cfg
File: color.cfg 2016/01/02 v1.6 sample color configuration
)
Package xcolor Info: Driver file: pdftex.def on input line 274.
 (/usr/share/texlive/texmf-dist/tex/latex/graphics-def/pdftex.def
File: pdftex.def 2022/09/22 v1.2b Graphics/color driver for pdftex
) (/usr/share/texlive/texmf-dist/tex/latex/graphics/mathcolor.ltx)
Package xcolor Info: Model `cmy' substituted by `cmy0' on input line 1350.
Package xcolor Info: Model `hsb' substituted by `rgb' on input line 1354.
Package xcolor Info: Model `RGB' extended on input line 1366.
Package xcolor Info: Model `HTML' substituted by `rgb' on input line 1368.
Package xcolor Info: Model `Hsb' substituted by `hsb' on input line 1369.
Package xcolor Info: Model `tHsb' substituted by `hsb' on input line 1370.
Package xcolor Info: Model `HSB' substituted by `hsb' on input line 1371.
Package xcolor Info: Model `Gray' substituted by `gray' on input line 1372.
Package xcolor Info: Model `wave' substituted by `hsb' on input line 1373.
) (/usr/share/texlive/texmf-dist/tex/latex/hyperref/hyperref.sty
Package: hyperref 2024-01-20 v7.01h Hypertext links for LaTeX
 (/usr/share/texlive/texmf-dist/tex/generic/kvdefinekeys/kvdefinekeys.sty
Package: kvdefinekeys 2019-12-19 v1.6 Define keys (HO)
) (/usr/share/texlive/texmf-dist/tex/generic/pdfescape/pdfescape.sty
Package: pdfescape 2019/12/09 v1.15 Implements pdfTeX's escape features (HO)
) (/usr/share/texlive/texmf-dist/tex/latex/hycolor/hycolor.sty
Package: hycolor 2020-01-27 v1.10 Color options for hyperref/bookmark (HO)
) (/usr/share/texlive/texmf-dist/tex/latex/auxhook/auxhook.sty
Package: auxhook 2019-12-17 v1.6 Hooks for auxiliary files (HO)
) (/usr/share/texlive/texmf-dist/tex/latex/hyperref/nameref.sty
Package: nameref 2023-11-26 v2.56 Cross-referencing by name of section
 (/usr/share/texlive/texmf-dist/tex/latex/refcount/refcount.sty
Package: refcount 2019/12/15 v3.6 Data extraction from label references (HO)
) (/usr/share/texlive/texmf-dist/tex/generic/gettitlestring/gettitlestring.sty
Package: gettitlestring 2019/12/15 v1.6 Cleanup title references (HO)
)
\c@section@level=\count303
)
\@linkdim=\dimen160
\Hy@linkcounter=\count304
\Hy@pagecounter=\count305
 (/usr/share/texlive/texmf-dist/tex/latex/hyperref/pd1enc.def
File: pd1enc.def 2024-01-20 v7.01h Hyperref: PDFDocEncoding definition (HO)
Now handling font encoding PD1 ...
... no UTF-8 mapping file for font encoding PD1
) (/usr/share/texlive/texmf-dist/tex/generic/intcalc/intcalc.sty
Package: intcalc 2019/12/15 v1.3 Expandable calculations with integers (HO)
)
\Hy@SavedSpaceFactor=\count306
 (/usr/share/texlive/texmf-dist/tex/latex/hyperref/puenc.def
File: puenc.def 2024-01-20 v7.01h Hyperref: PDF Unicode definition (HO)
Now handling font encoding PU ...
... no UTF-8 mapping file for font encoding PU
)
Package hyperref Info: Hyper figures OFF on input line 4179.
Package hyperref Info: Link nesting OFF on input line 4184.
Package hyperref Info: Hyper index ON on input line 4187.
Package hyperref Info: Plain pages OFF on input line 4194.
Package hyperref Info: Backreferencing OFF on input line 4199.
Package hyperref Info: Implicit mode ON; LaTeX internals redefined.
Package hyperref Info: Bookmarks ON on input line 4446.
\c@Hy@tempcnt=\count307
 (/usr/share/texlive/texmf-dist/tex/latex/url/url.sty
\Urlmuskip=\muskip16
Package: url 2013/09/16  ver 3.4  Verb mode for urls, etc.
)
LaTeX Info: Redefining \url on input line 4784.
\XeTeXLinkMargin=\dimen161
 (/usr/share/texlive/texmf-dist/tex/generic/bitset/bitset.sty
Package: bitset 2019/12/09 v1.3 Handle bit-vector datatype (HO)
 (/usr/share/texlive/texmf-dist/tex/generic/bigintcalc/bigintcalc.sty
Package: bigintcalc 2019/12/15 v1.5 Expandable calculations on big integers (HO)
))
\Fld@menulength=\count308
\Field@Width=\dimen162
\Fld@charsize=\dimen163
Package hyperref Info: Hyper figures OFF on input line 6063.
Package hyperref Info: Link nesting OFF on input line 6068.
Package hyperref Info: Hyper index ON on input line 6071.
Package hyperref Info: backreferencing OFF on input line 6078.
Package hyperref Info: Link coloring OFF on input line 6083.
Package hyperref Info: Link coloring with OCG OFF on input line 6088.
Package hyperref Info: PDF/A mode OFF on input line 6093.
 (/usr/share/texlive/texmf-dist/tex/latex/base/atbegshi-ltx.sty
Package: atbegshi-ltx 2021/01/10 v1.0c Emulation of the original atbegshi
package with kernel methods
)
\Hy@abspage=\count309
\c@Item=\count310
\c@Hfootnote=\count311
)
Package hyperref Info: Driver (autodetected): hpdftex.
 (/usr/share/texlive/texmf-dist/tex/latex/hyperref/hpdftex.def
File: hpdftex.def 2024-01-20 v7.01h Hyperref driver for pdfTeX
 (/usr/share/texlive/texmf-dist/tex/latex/base/atveryend-ltx.sty
Package: atveryend-ltx 2020/08/19 v1.0a Emulation of the original atveryend package
with kernel methods
)
\Fld@listcount=\count312
\c@bookmark@seq@number=\count313
 (/usr/share/texlive/texmf-dist/tex/latex/rerunfilecheck/rerunfilecheck.sty
Package: rerunfilecheck 2022-07-10 v1.10 Rerun checks for auxiliary files (HO)
 (/usr/share/texlive/texmf-dist/tex/generic/uniquecounter/uniquecounter.sty
Package: uniquecounter 2019/12/15 v1.4 Provide unlimited unique counter (HO)
)
Package uniquecounter Info: New unique counter `rerunfilecheck' on input line 285.
)
\Hy@SectionHShift=\skip52
) (/usr/share/texlive/texmf-dist/tex/latex/booktabs/booktabs.sty
Package: booktabs 2020/01/12 v1.61803398 Publication quality tables
\heavyrulewidth=\dimen164
\lightrulewidth=\dimen165
\cmidrulewidth=\dimen166
\belowrulesep=\dimen167
\belowbottomsep=\dimen168
\aboverulesep=\dimen169
\abovetopsep=\dimen170
\cmidrulesep=\dimen171
\cmidrulekern=\dimen172
\defaultaddspace=\dimen173
\@cmidla=\count314
\@cmidlb=\count315
\@aboverulesep=\dimen174
\@belowrulesep=\dimen175
\@thisruleclass=\count316
\@lastruleclass=\count317
\@thisrulewidth=\dimen176
) (/usr/share/texlive/texmf-dist/tex/latex/tools/longtable.sty
Package: longtable 2023-11-01 v4.19 Multi-page Table package (DPC)
\LTleft=\skip53
\LTright=\skip54
\LTpre=\skip55
\LTpost=\skip56
\LTchunksize=\count318
\LTcapwidth=\dimen177
\LT@head=\box62
\LT@firsthead=\box63
\LT@foot=\box64
\LT@lastfoot=\box65
\LT@gbox=\box66
\LT@cols=\count319
\LT@rows=\count320
\c@LT@tables=\count321
\c@LT@chunks=\count322
\LT@p@ftn=\toks23
) (/usr/share/texlive/texmf-dist/tex/latex/graphics/graphicx.sty
Package: graphicx 2021/09/16 v1.2d Enhanced LaTeX Graphics (DPC,SPQR)
 (/usr/share/texlive/texmf-dist/tex/latex/graphics/graphics.sty
Package: graphics 2022/03/10 v1.4e Standard LaTeX Graphics (DPC,SPQR)
 (/usr/share/texlive/texmf-dist/tex/latex/graphics/trig.sty
Package: trig 2021/08/11 v1.11 sin cos tan (DPC)
) (/usr/share/texlive/texmf-dist/tex/latex/graphics-cfg/graphics.cfg
File: graphics.cfg 2016/06/04 v1.11 sample graphics configuration
)
Package graphics Info: Driver file: pdftex.def on input line 107.
)
\Gin@req@height=\dimen178
\Gin@req@width=\dimen179
) (/usr/share/texlive/texmf-dist/tex/latex/amsmath/amsmath.sty
Package: amsmath 2023/05/13 v2.17o AMS math features
\@mathmargin=\skip57

For additional information on amsmath, use the `?' option.
(/usr/share/texlive/texmf-dist/tex/latex/amsmath/amstext.sty
Package: amstext 2021/08/26 v2.01 AMS text
 (/usr/share/texlive/texmf-dist/tex/latex/amsmath/amsgen.sty
File: amsgen.sty 1999/11/30 v2.0 generic functions
\@emptytoks=\toks24
\ex@=\dimen180
)) (/usr/share/texlive/texmf-dist/tex/latex/amsmath/amsbsy.sty
Package: amsbsy 1999/11/29 v1.2d Bold Symbols
\pmbraise@=\dimen181
) (/usr/share/texlive/texmf-dist/tex/latex/amsmath/amsopn.sty
Package: amsopn 2022/04/08 v2.04 operator names
)
\inf@bad=\count323
LaTeX Info: Redefining \frac on input line 234.
\uproot@=\count324
\leftroot@=\count325
LaTeX Info: Redefining \overline on input line 399.
LaTeX Info: Redefining \colon on input line 410.
\classnum@=\count326
\DOTSCASE@=\count327
LaTeX Info: Redefining \ldots on input line 496.
LaTeX Info: Redefining \dots on input line 499.
LaTeX Info: Redefining \cdots on input line 620.
\Mathstrutbox@=\box67
\strutbox@=\box68
LaTeX Info: Redefining \big on input line 722.
LaTeX Info: Redefining \Big on input line 723.
LaTeX Info: Redefining \bigg on input line 724.
LaTeX Info: Redefining \Bigg on input line 725.
\big@size=\dimen182
LaTeX Font Info:    Redeclaring font encoding OML on input line 743.
LaTeX Font Info:    Redeclaring font encoding OMS on input line 744.
\macc@depth=\count328
LaTeX Info: Redefining \bmod on input line 905.
LaTeX Info: Redefining \pmod on input line 910.
LaTeX Info: Redefining \smash on input line 940.
LaTeX Info: Redefining \relbar on input line 970.
LaTeX Info: Redefining \Relbar on input line 971.
\c@MaxMatrixCols=\count329
\dotsspace@=\muskip17
\c@parentequation=\count330
\dspbrk@lvl=\count331
\tag@help=\toks25
\row@=\count332
\column@=\count333
\maxfields@=\count334
\andhelp@=\toks26
\eqnshift@=\dimen183
\alignsep@=\dimen184
\tagshift@=\dimen185
\tagwidth@=\dimen186
\totwidth@=\dimen187
\lineht@=\dimen188
\@envbody=\toks27
\multlinegap=\skip58
\multlinetaggap=\skip59
\mathdisplay@stack=\toks28
LaTeX Info: Redefining \[ on input line 2953.
LaTeX Info: Redefining \] on input line 2954.
)
\linenoamsmath@ams@eqpen=\count335
Package hyperref Info: Option `colorlinks' set `true' on input line 18.
runsystem(command -v pygmentize && touch main.aex)...disabled (restricted).



/home/giovanni/Desktop/cloud-basic/report/main.tex:23: Package minted Error: You must have `pygmentize' installed to use this package.

See the minted package documentation for explanation.
Type  H <return>  for immediate help.
 ...                                              
                                                  
l.23 \begin{document}
                     
Refer to the installation instructions in the minted documentation for more information.

(/usr/share/texlive/texmf-dist/tex/latex/l3backend/l3backend-pdftex.def
File: l3backend-pdftex.def 2024-01-04 L3 backend support: PDF output (pdfTeX)
\l__color_backend_stack_int=\count336
\l__pdf_internal_box=\box69
) (./main.aux)
\openout1 = `main.aux'.

LaTeX Font Info:    Checking defaults for OML/cmm/m/it on input line 23.
LaTeX Font Info:    ... okay on input line 23.
LaTeX Font Info:    Checking defaults for OMS/cmsy/m/n on input line 23.
LaTeX Font Info:    ... okay on input line 23.
LaTeX Font Info:    Checking defaults for OT1/cmr/m/n on input line 23.
LaTeX Font Info:    ... okay on input line 23.
LaTeX Font Info:    Checking defaults for T1/cmr/m/n on input line 23.
LaTeX Font Info:    ... okay on input line 23.
LaTeX Font Info:    Checking defaults for TS1/cmr/m/n on input line 23.
LaTeX Font Info:    ... okay on input line 23.
LaTeX Font Info:    Checking defaults for OMX/cmex/m/n on input line 23.
LaTeX Font Info:    ... okay on input line 23.
LaTeX Font Info:    Checking defaults for U/cmr/m/n on input line 23.
LaTeX Font Info:    ... okay on input line 23.
LaTeX Font Info:    Checking defaults for PD1/pdf/m/n on input line 23.
LaTeX Font Info:    ... okay on input line 23.
LaTeX Font Info:    Checking defaults for PU/pdf/m/n on input line 23.
LaTeX Font Info:    ... okay on input line 23.
 (/usr/share/texlive/texmf-dist/tex/latex/base/textcomp.sty
Package: textcomp 2020/02/02 v2.0n Standard LaTeX package
)
\c@lstlisting=\count337
 (/usr/share/texlive/texmf-dist/tex/context/base/mkii/supp-pdf.mkii
[Loading MPS to PDF converter (version 2006.09.02).]
\scratchcounter=\count338
\scratchdimen=\dimen189
\scratchbox=\box70
\nofMPsegments=\count339
\nofMParguments=\count340
\everyMPshowfont=\toks29
\MPscratchCnt=\count341
\MPscratchDim=\dimen190
\MPnumerator=\count342
\makeMPintoPDFobject=\count343
\everyMPtoPDFconversion=\toks30
) (/usr/share/texlive/texmf-dist/tex/latex/epstopdf-pkg/epstopdf-base.sty
Package: epstopdf-base 2020-01-24 v2.11 Base part for package epstopdf
Package epstopdf-base Info: Redefining graphics rule for `.eps' on input line 485.
 (/usr/share/texlive/texmf-dist/tex/latex/latexconfig/epstopdf-sys.cfg
File: epstopdf-sys.cfg 2010/07/13 v1.3 Configuration of (r)epstopdf for TeX Live
))
Package hyperref Info: Link coloring ON on input line 23.
\@outlinefile=\write5
\openout5 = `main.out'.

 [1


{/var/lib/texmf/fonts/map/pdftex/updmap/pdftex.map}]
No file main.toc.
\tf@toc=\write6
\openout6 = `main.toc'.

[2] (./introduction.tex) (./methodology.tex
\openout3 = `main.pyg'.

runsystem(pygmentize -S default -f latex -P commandprefix=PYG > _minted-main/default.pygstyle)...disabled (restricted).



./methodology.tex:12: Package catchfile Error: File `_minted-main/default.pygstyle' not found.

See the catchfile package documentation for explanation.
Type  H <return>  for immediate help.
 ...                                              
                                                  
l.12 \end{minted}
                 
Try typing  <return>  to proceed.
If that doesn't work, type  X <return>  to quit.

runsystem(pygmentize -S default -f latex -P commandprefix=PYG > _minted-main/default.pygstyle)...disabled (restricted).


./methodology.tex:12: Package catchfile Error: File `_minted-main/default.pygstyle' not found.

See the catchfile package documentation for explanation.
Type  H <return>  for immediate help.
 ...                                              
                                                  
l.12 \end{minted}
                 
Try typing  <return>  to proceed.
If that doesn't work, type  X <return>  to quit.


./methodology.tex:12: Package minted Error: Cannot find Pygments style default.

See the minted package documentation for explanation.
Type  H <return>  for immediate help.
 ...                                              
                                                  
l.12 \end{minted}
                 
Cannot find Pygments style default

runsystem(pygmentize -l 'bash' -f latex -P commandprefix=PYG -F tokenmerge -P stripnl='False' -o _minted-main/2803508A23300C11E2A0FF800067D880D3773C8B440B993359565A23D713B17A.pygtex main.pyg)...disabled (restricted).


./methodology.tex:12: Package minted Error: Missing Pygments output; \inputminted was
probably given a file that does not exist--otherwise, you may need 
the outputdir package option, or may be using an incompatible build tool,
or may be using frozencache with a missing file.

See the minted package documentation for explanation.
Type  H <return>  for immediate help.
 ...                                              
                                                  
l.12 \end{minted}
                 
This could be caused by using -output-directory or -aux-directory 
without setting minted's outputdir, or by using a build tool that 
changes paths in ways minted cannot detect, 
or using frozencache with a missing file.

\openout3 = `main.pyg'.

runsystem(pygmentize -l 'bash' -f latex -P commandprefix=PYG -F tokenmerge -P stripnl='False' -o _minted-main/1F56DF0107ECB14CA6EA46AF6B715E5AD3773C8B440B993359565A23D713B17A.pygtex main.pyg)...disabled (restricted).


./methodology.tex:27: Package minted Error: Missing Pygments output; \inputminted was
probably given a file that does not exist--otherwise, you may need 
the outputdir package option, or may be using an incompatible build tool,
or may be using frozencache with a missing file.

See the minted package documentation for explanation.
Type  H <return>  for immediate help.
 ...                                              
                                                  
l.27 \end{minted}
                 
This could be caused by using -output-directory or -aux-directory 
without setting minted's outputdir, or by using a build tool that 
changes paths in ways minted cannot detect, 
or using frozencache with a missing file.

\openout3 = `main.pyg'.

runsystem(pygmentize -l 'bash' -f latex -P commandprefix=PYG -F tokenmerge -P stripnl='False' -o _minted-main/03F9492688B205C1A7D7AECCBF196E12D3773C8B440B993359565A23D713B17A.pygtex main.pyg)...disabled (restricted).


./methodology.tex:41: Package minted Error: Missing Pygments output; \inputminted was
probably given a file that does not exist--otherwise, you may need 
the outputdir package option, or may be using an incompatible build tool,
or may be using frozencache with a missing file.

See the minted package documentation for explanation.
Type  H <return>  for immediate help.
 ...                                              
                                                  
l.41 \end{minted}
                 
This could be caused by using -output-directory or -aux-directory 
without setting minted's outputdir, or by using a build tool that 
changes paths in ways minted cannot detect, 
or using frozencache with a missing file.

[3{/usr/share/texmf/fonts/enc/dvips/cm-super/cm-super-ts1.enc}]
\openout3 = `main.pyg'.

runsystem(pygmentize -l 'yaml' -f latex -P commandprefix=PYG -F tokenmerge -P stripnl='False' -o _minted-main/B4537CC91C0B65B878EEFB1CCB8B4D16DE3DC341B1917013C272B3E8868BEC1C.pygtex main.pyg)...disabled (restricted).



./methodology.tex:72: Package minted Error: Missing Pygments output; \inputminted was
probably given a file that does not exist--otherwise, you may need 
the outputdir package option, or may be using an incompatible build tool,
or may be using frozencache with a missing file.

See the minted package documentation for explanation.
Type  H <return>  for immediate help.
 ...                                              
                                                  
l.72 \end{minted}
                 
This could be caused by using -output-directory or -aux-directory 
without setting minted's outputdir, or by using a build tool that 
changes paths in ways minted cannot detect, 
or using frozencache with a missing file.

\openout3 = `main.pyg'.

runsystem(pygmentize -l 'bash' -f latex -P commandprefix=PYG -F tokenmerge -P stripnl='False' -o _minted-main/0020A3DC3C1C9F9346389C34F6307FC5D3773C8B440B993359565A23D713B17A.pygtex main.pyg)...disabled (restricted).


./methodology.tex:78: Package minted Error: Missing Pygments output; \inputminted was
probably given a file that does not exist--otherwise, you may need 
the outputdir package option, or may be using an incompatible build tool,
or may be using frozencache with a missing file.

See the minted package documentation for explanation.
Type  H <return>  for immediate help.
 ...                                              
                                                  
l.78 \end{minted}
                 
This could be caused by using -output-directory or -aux-directory 
without setting minted's outputdir, or by using a build tool that 
changes paths in ways minted cannot detect, 
or using frozencache with a missing file.

\openout3 = `main.pyg'.

runsystem(pygmentize -l 'bash' -f latex -P commandprefix=PYG -F tokenmerge -P stripnl='False' -o _minted-main/95611ABB153CE06B1E4842B4B0E2E12BD3773C8B440B993359565A23D713B17A.pygtex main.pyg)...disabled (restricted).


./methodology.tex:86: Package minted Error: Missing Pygments output; \inputminted was
probably given a file that does not exist--otherwise, you may need 
the outputdir package option, or may be using an incompatible build tool,
or may be using frozencache with a missing file.

See the minted package documentation for explanation.
Type  H <return>  for immediate help.
 ...                                              
                                                  
l.86 \end{minted}
                 
This could be caused by using -output-directory or -aux-directory 
without setting minted's outputdir, or by using a build tool that 
changes paths in ways minted cannot detect, 
or using frozencache with a missing file.

\openout3 = `main.pyg'.

runsystem(pygmentize -l 'yaml' -f latex -P commandprefix=PYG -F tokenmerge -P stripnl='False' -o _minted-main/A4D9634663111A97710219D9B18E0A2ADE3DC341B1917013C272B3E8868BEC1C.pygtex main.pyg)...disabled (restricted).


./methodology.tex:93: Package minted Error: Missing Pygments output; \inputminted was
probably given a file that does not exist--otherwise, you may need 
the outputdir package option, or may be using an incompatible build tool,
or may be using frozencache with a missing file.

See the minted package documentation for explanation.
Type  H <return>  for immediate help.
 ...                                              
                                                  
l.93 \end{minted}
                 
This could be caused by using -output-directory or -aux-directory 
without setting minted's outputdir, or by using a build tool that 
changes paths in ways minted cannot detect, 
or using frozencache with a missing file.

\openout3 = `main.pyg'.

runsystem(pygmentize -l 'yaml' -f latex -P commandprefix=PYG -F tokenmerge -P stripnl='False' -o _minted-main/EF56A617A71203530C9A2D0E9A02530CDE3DC341B1917013C272B3E8868BEC1C.pygtex main.pyg)...disabled (restricted).


./methodology.tex:124: Package minted Error: Missing Pygments output; \inputminted was
probably given a file that does not exist--otherwise, you may need 
the outputdir package option, or may be using an incompatible build tool,
or may be using frozencache with a missing file.

See the minted package documentation for explanation.
Type  H <return>  for immediate help.
 ...                                              
                                                  
l.124 \end{minted}
                  
This could be caused by using -output-directory or -aux-directory 
without setting minted's outputdir, or by using a build tool that 
changes paths in ways minted cannot detect, 
or using frozencache with a missing file.

\openout3 = `main.pyg'.

runsystem(pygmentize -l 'bash' -f latex -P commandprefix=PYG -F tokenmerge -P stripnl='False' -o _minted-main/AB8247E8A7BBE42925A926571777C12CD3773C8B440B993359565A23D713B17A.pygtex main.pyg)...disabled (restricted).


./methodology.tex:130: Package minted Error: Missing Pygments output; \inputminted was
probably given a file that does not exist--otherwise, you may need 
the outputdir package option, or may be using an incompatible build tool,
or may be using frozencache with a missing file.

See the minted package documentation for explanation.
Type  H <return>  for immediate help.
 ...                                              
                                                  
l.130 \end{minted}
                  
This could be caused by using -output-directory or -aux-directory 
without setting minted's outputdir, or by using a build tool that 
changes paths in ways minted cannot detect, 
or using frozencache with a missing file.

\openout3 = `main.pyg'.

runsystem(pygmentize -l 'yaml' -f latex -P commandprefix=PYG -F tokenmerge -P stripnl='False' -o _minted-main/C8339F034776AD582158F4B317B009EDDE3DC341B1917013C272B3E8868BEC1C.pygtex main.pyg)...disabled (restricted).


./methodology.tex:150: Package minted Error: Missing Pygments output; \inputminted was
probably given a file that does not exist--otherwise, you may need 
the outputdir package option, or may be using an incompatible build tool,
or may be using frozencache with a missing file.

See the minted package documentation for explanation.
Type  H <return>  for immediate help.
 ...                                              
                                                  
l.150 \end{minted}
                  
This could be caused by using -output-directory or -aux-directory 
without setting minted's outputdir, or by using a build tool that 
changes paths in ways minted cannot detect, 
or using frozencache with a missing file.

\openout3 = `main.pyg'.

runsystem(pygmentize -l 'yaml' -f latex -P commandprefix=PYG -F tokenmerge -P stripnl='False' -o _minted-main/EA1FB5D1181A081CEE612CDBB5256F08DE3DC341B1917013C272B3E8868BEC1C.pygtex main.pyg)...disabled (restricted).


./methodology.tex:156: Package minted Error: Missing Pygments output; \inputminted was
probably given a file that does not exist--otherwise, you may need 
the outputdir package option, or may be using an incompatible build tool,
or may be using frozencache with a missing file.

See the minted package documentation for explanation.
Type  H <return>  for immediate help.
 ...                                              
                                                  
l.156 \end{minted}
                  
This could be caused by using -output-directory or -aux-directory 
without setting minted's outputdir, or by using a build tool that 
changes paths in ways minted cannot detect, 
or using frozencache with a missing file.

\openout3 = `main.pyg'.

runsystem(pygmentize -l 'bash' -f latex -P commandprefix=PYG -F tokenmerge -P stripnl='False' -o _minted-main/D7AC4505686CC31BEE95FB037BC63BE0D3773C8B440B993359565A23D713B17A.pygtex main.pyg)...disabled (restricted).


./methodology.tex:160: Package minted Error: Missing Pygments output; \inputminted was
probably given a file that does not exist--otherwise, you may need 
the outputdir package option, or may be using an incompatible build tool,
or may be using frozencache with a missing file.

See the minted package documentation for explanation.
Type  H <return>  for immediate help.
 ...                                              
                                                  
l.160 \end{minted}
                  
This could be caused by using -output-directory or -aux-directory 
without setting minted's outputdir, or by using a build tool that 
changes paths in ways minted cannot detect, 
or using frozencache with a missing file.

\openout3 = `main.pyg'.

runsystem(pygmentize -l 'yaml' -f latex -P commandprefix=PYG -F tokenmerge -P stripnl='False' -o _minted-main/4C34A122BE1A37ADC4161AE754D87B40DE3DC341B1917013C272B3E8868BEC1C.pygtex main.pyg)...disabled (restricted).


./methodology.tex:169: Package minted Error: Missing Pygments output; \inputminted was
probably given a file that does not exist--otherwise, you may need 
the outputdir package option, or may be using an incompatible build tool,
or may be using frozencache with a missing file.

See the minted package documentation for explanation.
Type  H <return>  for immediate help.
 ...                                              
                                                  
l.169 \end{minted}
                  
This could be caused by using -output-directory or -aux-directory 
without setting minted's outputdir, or by using a build tool that 
changes paths in ways minted cannot detect, 
or using frozencache with a missing file.

\openout3 = `main.pyg'.

runsystem(pygmentize -l 'bash' -f latex -P commandprefix=PYG -F tokenmerge -P stripnl='False' -o _minted-main/C0CBD95C921B6B73EF9C80DF161B321DD3773C8B440B993359565A23D713B17A.pygtex main.pyg)...disabled (restricted).


./methodology.tex:173: Package minted Error: Missing Pygments output; \inputminted was
probably given a file that does not exist--otherwise, you may need 
the outputdir package option, or may be using an incompatible build tool,
or may be using frozencache with a missing file.

See the minted package documentation for explanation.
Type  H <return>  for immediate help.
 ...                                              
                                                  
l.173 \end{minted}
                  
This could be caused by using -output-directory or -aux-directory 
without setting minted's outputdir, or by using a build tool that 
changes paths in ways minted cannot detect, 
or using frozencache with a missing file.

\openout3 = `main.pyg'.

runsystem(pygmentize -l 'bash' -f latex -P commandprefix=PYG -F tokenmerge -P stripnl='False' -o _minted-main/6C9D3369E3F75BA73CCECD73DB67E4BED3773C8B440B993359565A23D713B17A.pygtex main.pyg)...disabled (restricted).


./methodology.tex:178: Package minted Error: Missing Pygments output; \inputminted was
probably given a file that does not exist--otherwise, you may need 
the outputdir package option, or may be using an incompatible build tool,
or may be using frozencache with a missing file.

See the minted package documentation for explanation.
Type  H <return>  for immediate help.
 ...                                              
                                                  
l.178 \end{minted}
                  
This could be caused by using -output-directory or -aux-directory 
without setting minted's outputdir, or by using a build tool that 
changes paths in ways minted cannot detect, 
or using frozencache with a missing file.

\openout3 = `main.pyg'.

runsystem(pygmentize -l 'bash' -f latex -P commandprefix=PYG -F tokenmerge -P stripnl='False' -o _minted-main/75210DDB31A824DBCAECCBD60E413F8DD3773C8B440B993359565A23D713B17A.pygtex main.pyg)...disabled (restricted).


./methodology.tex:188: Package minted Error: Missing Pygments output; \inputminted was
probably given a file that does not exist--otherwise, you may need 
the outputdir package option, or may be using an incompatible build tool,
or may be using frozencache with a missing file.

See the minted package documentation for explanation.
Type  H <return>  for immediate help.
 ...                                              
                                                  
l.188 \end{minted}
                  
This could be caused by using -output-directory or -aux-directory 
without setting minted's outputdir, or by using a build tool that 
changes paths in ways minted cannot detect, 
or using frozencache with a missing file.

[4]
\openout3 = `main.pyg'.

runsystem(pygmentize -l 'yaml' -f latex -P commandprefix=PYG -F tokenmerge -P stripnl='False' -o _minted-main/F464E50CFEC190B5C7E38AEDEFAD5377DE3DC341B1917013C272B3E8868BEC1C.pygtex main.pyg)...disabled (restricted).



./methodology.tex:193: Package minted Error: Missing Pygments output; \inputminted was
probably given a file that does not exist--otherwise, you may need 
the outputdir package option, or may be using an incompatible build tool,
or may be using frozencache with a missing file.

See the minted package documentation for explanation.
Type  H <return>  for immediate help.
 ...                                              
                                                  
l.193 \end{minted}
                  
This could be caused by using -output-directory or -aux-directory 
without setting minted's outputdir, or by using a build tool that 
changes paths in ways minted cannot detect, 
or using frozencache with a missing file.

\openout3 = `main.pyg'.

runsystem(pygmentize -l 'bash' -f latex -P commandprefix=PYG -F tokenmerge -P stripnl='False' -o _minted-main/C91A7776EFC3F3619DF2B61A2A424CF7D3773C8B440B993359565A23D713B17A.pygtex main.pyg)...disabled (restricted).


./methodology.tex:199: Package minted Error: Missing Pygments output; \inputminted was
probably given a file that does not exist--otherwise, you may need 
the outputdir package option, or may be using an incompatible build tool,
or may be using frozencache with a missing file.

See the minted package documentation for explanation.
Type  H <return>  for immediate help.
 ...                                              
                                                  
l.199 \end{minted}
                  
This could be caused by using -output-directory or -aux-directory 
without setting minted's outputdir, or by using a build tool that 
changes paths in ways minted cannot detect, 
or using frozencache with a missing file.

\openout3 = `main.pyg'.

runsystem(pygmentize -l 'bash' -f latex -P commandprefix=PYG -F tokenmerge -P stripnl='False' -o _minted-main/95611ABB153CE06B1E4842B4B0E2E12BD3773C8B440B993359565A23D713B17A.pygtex main.pyg)...disabled (restricted).


./methodology.tex:207: Package minted Error: Missing Pygments output; \inputminted was
probably given a file that does not exist--otherwise, you may need 
the outputdir package option, or may be using an incompatible build tool,
or may be using frozencache with a missing file.

See the minted package documentation for explanation.
Type  H <return>  for immediate help.
 ...                                              
                                                  
l.207 \end{minted}
                  
This could be caused by using -output-directory or -aux-directory 
without setting minted's outputdir, or by using a build tool that 
changes paths in ways minted cannot detect, 
or using frozencache with a missing file.

\openout3 = `main.pyg'.

runsystem(pygmentize -l 'yaml' -f latex -P commandprefix=PYG -F tokenmerge -P stripnl='False' -o _minted-main/0BE4F194E1E1154A4EB0FFD0D8A403E6DE3DC341B1917013C272B3E8868BEC1C.pygtex main.pyg)...disabled (restricted).


./methodology.tex:224: Package minted Error: Missing Pygments output; \inputminted was
probably given a file that does not exist--otherwise, you may need 
the outputdir package option, or may be using an incompatible build tool,
or may be using frozencache with a missing file.

See the minted package documentation for explanation.
Type  H <return>  for immediate help.
 ...                                              
                                                  
l.224 \end{minted}
                  
This could be caused by using -output-directory or -aux-directory 
without setting minted's outputdir, or by using a build tool that 
changes paths in ways minted cannot detect, 
or using frozencache with a missing file.


Overfull \hbox (34.34714pt too wide) in paragraph at lines 212--227
 []\OT1/cmr/bx/n/10 Network Con-fig-u-ra-tion[] \OT1/cmr/m/n/10 The net-work con-fig-u-ra-tion file, lo-cated in `/etc/netplan/50-
 []


Overfull \hbox (4.1389pt too wide) in paragraph at lines 212--227
\OT1/cmr/m/n/10 cloud-init.yaml`, it has been mod-i-fied as fol-lows: and ap-plied us-ing \OT1/cmtt/m/n/10 sudo netplan
 []

\openout3 = `main.pyg'.

runsystem(pygmentize -l 'bash' -f latex -P commandprefix=PYG -F tokenmerge -P stripnl='False' -o _minted-main/76B4425FF5504C402F140043416CCA20D3773C8B440B993359565A23D713B17A.pygtex main.pyg)...disabled (restricted).


./methodology.tex:230: Package minted Error: Missing Pygments output; \inputminted was
probably given a file that does not exist--otherwise, you may need 
the outputdir package option, or may be using an incompatible build tool,
or may be using frozencache with a missing file.

See the minted package documentation for explanation.
Type  H <return>  for immediate help.
 ...                                              
                                                  
l.230 \end{minted}
                  
This could be caused by using -output-directory or -aux-directory 
without setting minted's outputdir, or by using a build tool that 
changes paths in ways minted cannot detect, 
or using frozencache with a missing file.

\openout3 = `main.pyg'.

runsystem(pygmentize -l 'bash' -f latex -P commandprefix=PYG -F tokenmerge -P stripnl='False' -o _minted-main/B49A1CDEB2838FDD40888EDD792FA996D3773C8B440B993359565A23D713B17A.pygtex main.pyg)...disabled (restricted).


./methodology.tex:238: Package minted Error: Missing Pygments output; \inputminted was
probably given a file that does not exist--otherwise, you may need 
the outputdir package option, or may be using an incompatible build tool,
or may be using frozencache with a missing file.

See the minted package documentation for explanation.
Type  H <return>  for immediate help.
 ...                                              
                                                  
l.238 \end{minted}
                  
This could be caused by using -output-directory or -aux-directory 
without setting minted's outputdir, or by using a build tool that 
changes paths in ways minted cannot detect, 
or using frozencache with a missing file.

\openout3 = `main.pyg'.

runsystem(pygmentize -l 'bash' -f latex -P commandprefix=PYG -F tokenmerge -P stripnl='False' -o _minted-main/D06AE185F703E4ED7732E52ACC05F25DD3773C8B440B993359565A23D713B17A.pygtex main.pyg)...disabled (restricted).


./methodology.tex:247: Package minted Error: Missing Pygments output; \inputminted was
probably given a file that does not exist--otherwise, you may need 
the outputdir package option, or may be using an incompatible build tool,
or may be using frozencache with a missing file.

See the minted package documentation for explanation.
Type  H <return>  for immediate help.
 ...                                              
                                                  
l.247 \end{minted}
                  
This could be caused by using -output-directory or -aux-directory 
without setting minted's outputdir, or by using a build tool that 
changes paths in ways minted cannot detect, 
or using frozencache with a missing file.

\openout3 = `main.pyg'.

runsystem(pygmentize -l 'bash' -f latex -P commandprefix=PYG -F tokenmerge -P stripnl='False' -o _minted-main/B709F2E5886435DFB47D4F25C2952F87D3773C8B440B993359565A23D713B17A.pygtex main.pyg)...disabled (restricted).


./methodology.tex:252: Package minted Error: Missing Pygments output; \inputminted was
probably given a file that does not exist--otherwise, you may need 
the outputdir package option, or may be using an incompatible build tool,
or may be using frozencache with a missing file.

See the minted package documentation for explanation.
Type  H <return>  for immediate help.
 ...                                              
                                                  
l.252 \end{minted}
                  
This could be caused by using -output-directory or -aux-directory 
without setting minted's outputdir, or by using a build tool that 
changes paths in ways minted cannot detect, 
or using frozencache with a missing file.

\openout3 = `main.pyg'.

runsystem(pygmentize -l 'bash' -f latex -P commandprefix=PYG -F tokenmerge -P stripnl='False' -o _minted-main/722499D6A0BA447E66277DEE8EFF72EFD3773C8B440B993359565A23D713B17A.pygtex main.pyg)...disabled (restricted).


./methodology.tex:257: Package minted Error: Missing Pygments output; \inputminted was
probably given a file that does not exist--otherwise, you may need 
the outputdir package option, or may be using an incompatible build tool,
or may be using frozencache with a missing file.

See the minted package documentation for explanation.
Type  H <return>  for immediate help.
 ...                                              
                                                  
l.257 \end{minted}
                  
This could be caused by using -output-directory or -aux-directory 
without setting minted's outputdir, or by using a build tool that 
changes paths in ways minted cannot detect, 
or using frozencache with a missing file.

\openout3 = `main.pyg'.

runsystem(pygmentize -l 'bash' -f latex -P commandprefix=PYG -F tokenmerge -P stripnl='False' -o _minted-main/98BE89A2EB9A47B7A2E7306B0E5EAB35D3773C8B440B993359565A23D713B17A.pygtex main.pyg)...disabled (restricted).


./methodology.tex:263: Package minted Error: Missing Pygments output; \inputminted was
probably given a file that does not exist--otherwise, you may need 
the outputdir package option, or may be using an incompatible build tool,
or may be using frozencache with a missing file.

See the minted package documentation for explanation.
Type  H <return>  for immediate help.
 ...                                              
                                                  
l.263 \end{minted}
                  
This could be caused by using -output-directory or -aux-directory 
without setting minted's outputdir, or by using a build tool that 
changes paths in ways minted cannot detect, 
or using frozencache with a missing file.

\openout3 = `main.pyg'.

runsystem(pygmentize -l 'yaml' -f latex -P commandprefix=PYG -F tokenmerge -P stripnl='False' -o _minted-main/0F0B0612DDBD7FC790E2B984AE79DB88DE3DC341B1917013C272B3E8868BEC1C.pygtex main.pyg)...disabled (restricted).


./methodology.tex:267: Package minted Error: Missing Pygments output; \inputminted was
probably given a file that does not exist--otherwise, you may need 
the outputdir package option, or may be using an incompatible build tool,
or may be using frozencache with a missing file.

See the minted package documentation for explanation.
Type  H <return>  for immediate help.
 ...                                              
                                                  
l.267 \end{minted}
                  
This could be caused by using -output-directory or -aux-directory 
without setting minted's outputdir, or by using a build tool that 
changes paths in ways minted cannot detect, 
or using frozencache with a missing file.

\openout3 = `main.pyg'.

runsystem(pygmentize -l 'bash' -f latex -P commandprefix=PYG -F tokenmerge -P stripnl='False' -o _minted-main/4803B9E57134D463C62BA65A621894F9D3773C8B440B993359565A23D713B17A.pygtex main.pyg)...disabled (restricted).


./methodology.tex:271: Package minted Error: Missing Pygments output; \inputminted was
probably given a file that does not exist--otherwise, you may need 
the outputdir package option, or may be using an incompatible build tool,
or may be using frozencache with a missing file.

See the minted package documentation for explanation.
Type  H <return>  for immediate help.
 ...                                              
                                                  
l.271 \end{minted}
                  
This could be caused by using -output-directory or -aux-directory 
without setting minted's outputdir, or by using a build tool that 
changes paths in ways minted cannot detect, 
or using frozencache with a missing file.

\openout3 = `main.pyg'.

runsystem(pygmentize -l 'dockerfile' -f latex -P commandprefix=PYG -F tokenmerge -P stripnl='False' -o _minted-main/48E1BC011873868456040A5BCCF3E517A99C62D502FBE74334CE6C0A89DE01E4.pygtex main.pyg)...disabled (restricted).


./methodology.tex:332: Package minted Error: Missing Pygments output; \inputminted was
probably given a file that does not exist--otherwise, you may need 
the outputdir package option, or may be using an incompatible build tool,
or may be using frozencache with a missing file.

See the minted package documentation for explanation.
Type  H <return>  for immediate help.
 ...                                              
                                                  
l.332 \end{minted}
                  
This could be caused by using -output-directory or -aux-directory 
without setting minted's outputdir, or by using a build tool that 
changes paths in ways minted cannot detect, 
or using frozencache with a missing file.

\openout3 = `main.pyg'.

runsystem(pygmentize -l 'yaml' -f latex -P commandprefix=PYG -F tokenmerge -P stripnl='False' -o _minted-main/0FE310359C40A820FC3BBC855A64DB27DE3DC341B1917013C272B3E8868BEC1C.pygtex main.pyg)...disabled (restricted).


./methodology.tex:423: Package minted Error: Missing Pygments output; \inputminted was
probably given a file that does not exist--otherwise, you may need 
the outputdir package option, or may be using an incompatible build tool,
or may be using frozencache with a missing file.

See the minted package documentation for explanation.
Type  H <return>  for immediate help.
 ...                                              
                                                  
l.423 \end{minted}
                  
This could be caused by using -output-directory or -aux-directory 
without setting minted's outputdir, or by using a build tool that 
changes paths in ways minted cannot detect, 
or using frozencache with a missing file.

[5]
\openout3 = `main.pyg'.

runsystem(pygmentize -l 'bash' -f latex -P commandprefix=PYG -F tokenmerge -P stripnl='False' -o _minted-main/F6135DCBEFFF4D5B5658C56E4A705BABD3773C8B440B993359565A23D713B17A.pygtex main.pyg)...disabled (restricted).



./methodology.tex:432: Package minted Error: Missing Pygments output; \inputminted was
probably given a file that does not exist--otherwise, you may need 
the outputdir package option, or may be using an incompatible build tool,
or may be using frozencache with a missing file.

See the minted package documentation for explanation.
Type  H <return>  for immediate help.
 ...                                              
                                                  
l.432 \end{minted}
                  
This could be caused by using -output-directory or -aux-directory 
without setting minted's outputdir, or by using a build tool that 
changes paths in ways minted cannot detect, 
or using frozencache with a missing file.

\openout3 = `main.pyg'.

runsystem(pygmentize -l 'bash' -f latex -P commandprefix=PYG -F tokenmerge -P stripnl='False' -o _minted-main/375BD15B54F54DEBF04F4C35AEFE4B18D3773C8B440B993359565A23D713B17A.pygtex main.pyg)...disabled (restricted).


./methodology.tex:438: Package minted Error: Missing Pygments output; \inputminted was
probably given a file that does not exist--otherwise, you may need 
the outputdir package option, or may be using an incompatible build tool,
or may be using frozencache with a missing file.

See the minted package documentation for explanation.
Type  H <return>  for immediate help.
 ...                                              
                                                  
l.438 \end{minted}
                  
This could be caused by using -output-directory or -aux-directory 
without setting minted's outputdir, or by using a build tool that 
changes paths in ways minted cannot detect, 
or using frozencache with a missing file.

\openout3 = `main.pyg'.

runsystem(pygmentize -l 'bash' -f latex -P commandprefix=PYG -F tokenmerge -P stripnl='False' -o _minted-main/AA91424BE80A40EF2769D31F9B79E8B0D3773C8B440B993359565A23D713B17A.pygtex main.pyg)...disabled (restricted).


./methodology.tex:443: Package minted Error: Missing Pygments output; \inputminted was
probably given a file that does not exist--otherwise, you may need 
the outputdir package option, or may be using an incompatible build tool,
or may be using frozencache with a missing file.

See the minted package documentation for explanation.
Type  H <return>  for immediate help.
 ...                                              
                                                  
l.443 \end{minted}
                  
This could be caused by using -output-directory or -aux-directory 
without setting minted's outputdir, or by using a build tool that 
changes paths in ways minted cannot detect, 
or using frozencache with a missing file.

\openout3 = `main.pyg'.

runsystem(pygmentize -l 'bash' -f latex -P commandprefix=PYG -F tokenmerge -P stripnl='False' -o _minted-main/EE7EDB705513C18C3B58CA9C8744EE3CD3773C8B440B993359565A23D713B17A.pygtex main.pyg)...disabled (restricted).


./methodology.tex:452: Package minted Error: Missing Pygments output; \inputminted was
probably given a file that does not exist--otherwise, you may need 
the outputdir package option, or may be using an incompatible build tool,
or may be using frozencache with a missing file.

See the minted package documentation for explanation.
Type  H <return>  for immediate help.
 ...                                              
                                                  
l.452 \end{minted}
                  
This could be caused by using -output-directory or -aux-directory 
without setting minted's outputdir, or by using a build tool that 
changes paths in ways minted cannot detect, 
or using frozencache with a missing file.

LaTeX Font Info:    Trying to load font information for TS1+cmtt on input line 456.
(/usr/share/texlive/texmf-dist/tex/latex/base/ts1cmtt.fd
File: ts1cmtt.fd 2023/04/13 v2.5m Standard LaTeX font definitions
)
Overfull \hbox (9.94398pt too wide) in paragraph at lines 466--467
\OT1/cmr/m/n/10 tests like HPL (High Per-for-mance Lin-pack), DGEMM, FFT, and STREAM.[][][][][] 
 []

[6]
Underfull \hbox (badness 10000) in paragraph at lines 473--474

 []

\openout3 = `main.pyg'.

runsystem(pygmentize -l 'bash' -f latex -P commandprefix=PYG -F tokenmerge -P stripnl='False' -o _minted-main/EC0977BEAE4088170A432024415F9495D3773C8B440B993359565A23D713B17A.pygtex main.pyg)...disabled (restricted).


./methodology.tex:479: Package minted Error: Missing Pygments output; \inputminted was
probably given a file that does not exist--otherwise, you may need 
the outputdir package option, or may be using an incompatible build tool,
or may be using frozencache with a missing file.

See the minted package documentation for explanation.
Type  H <return>  for immediate help.
 ...                                              
                                                  
l.479 \end{minted}
                  
This could be caused by using -output-directory or -aux-directory 
without setting minted's outputdir, or by using a build tool that 
changes paths in ways minted cannot detect, 
or using frozencache with a missing file.

\openout3 = `main.pyg'.

runsystem(pygmentize -l 'bash' -f latex -P commandprefix=PYG -F tokenmerge -P stripnl='False' -o _minted-main/C0A9A9B6DA38080923D3E1B0FBA05A33D3773C8B440B993359565A23D713B17A.pygtex main.pyg)...disabled (restricted).


./methodology.tex:488: Package minted Error: Missing Pygments output; \inputminted was
probably given a file that does not exist--otherwise, you may need 
the outputdir package option, or may be using an incompatible build tool,
or may be using frozencache with a missing file.

See the minted package documentation for explanation.
Type  H <return>  for immediate help.
 ...                                              
                                                  
l.488 \end{minted}
                  
This could be caused by using -output-directory or -aux-directory 
without setting minted's outputdir, or by using a build tool that 
changes paths in ways minted cannot detect, 
or using frozencache with a missing file.

\openout3 = `main.pyg'.

runsystem(pygmentize -l 'bash' -f latex -P commandprefix=PYG -F tokenmerge -P stripnl='False' -o _minted-main/FE6997B64A4ABF78F365CF9BA930FA7AD3773C8B440B993359565A23D713B17A.pygtex main.pyg)...disabled (restricted).


./methodology.tex:496: Package minted Error: Missing Pygments output; \inputminted was
probably given a file that does not exist--otherwise, you may need 
the outputdir package option, or may be using an incompatible build tool,
or may be using frozencache with a missing file.

See the minted package documentation for explanation.
Type  H <return>  for immediate help.
 ...                                              
                                                  
l.496 \end{minted}
                  
This could be caused by using -output-directory or -aux-directory 
without setting minted's outputdir, or by using a build tool that 
changes paths in ways minted cannot detect, 
or using frozencache with a missing file.

\openout3 = `main.pyg'.

runsystem(pygmentize -l 'bash' -f latex -P commandprefix=PYG -F tokenmerge -P stripnl='False' -o _minted-main/2FDB332B0B84CEFF6B5CDA2497EAF750D3773C8B440B993359565A23D713B17A.pygtex main.pyg)...disabled (restricted).


./methodology.tex:537: Package minted Error: Missing Pygments output; \inputminted was
probably given a file that does not exist--otherwise, you may need 
the outputdir package option, or may be using an incompatible build tool,
or may be using frozencache with a missing file.

See the minted package documentation for explanation.
Type  H <return>  for immediate help.
 ...                                              
                                                  
l.537 \end{minted}
                  
This could be caused by using -output-directory or -aux-directory 
without setting minted's outputdir, or by using a build tool that 
changes paths in ways minted cannot detect, 
or using frozencache with a missing file.

\openout3 = `main.pyg'.

runsystem(pygmentize -l 'bash' -f latex -P commandprefix=PYG -F tokenmerge -P stripnl='False' -o _minted-main/C4FBEF0DB84F4A9B82DE66030EFD740DD3773C8B440B993359565A23D713B17A.pygtex main.pyg)...disabled (restricted).


./methodology.tex:544: Package minted Error: Missing Pygments output; \inputminted was
probably given a file that does not exist--otherwise, you may need 
the outputdir package option, or may be using an incompatible build tool,
or may be using frozencache with a missing file.

See the minted package documentation for explanation.
Type  H <return>  for immediate help.
 ...                                              
                                                  
l.544 \end{minted}
                  
This could be caused by using -output-directory or -aux-directory 
without setting minted's outputdir, or by using a build tool that 
changes paths in ways minted cannot detect, 
or using frozencache with a missing file.

\openout3 = `main.pyg'.

runsystem(pygmentize -l 'bash' -f latex -P commandprefix=PYG -F tokenmerge -P stripnl='False' -o _minted-main/0209D242DDA2AE790900F43F2A318422D3773C8B440B993359565A23D713B17A.pygtex main.pyg)...disabled (restricted).


./methodology.tex:550: Package minted Error: Missing Pygments output; \inputminted was
probably given a file that does not exist--otherwise, you may need 
the outputdir package option, or may be using an incompatible build tool,
or may be using frozencache with a missing file.

See the minted package documentation for explanation.
Type  H <return>  for immediate help.
 ...                                              
                                                  
l.550 \end{minted}
                  
This could be caused by using -output-directory or -aux-directory 
without setting minted's outputdir, or by using a build tool that 
changes paths in ways minted cannot detect, 
or using frozencache with a missing file.

\openout3 = `main.pyg'.

runsystem(pygmentize -l 'bash' -f latex -P commandprefix=PYG -F tokenmerge -P stripnl='False' -o _minted-main/971B3ABAC54FBFDB426798ACB3929AF2D3773C8B440B993359565A23D713B17A.pygtex main.pyg)...disabled (restricted).


./methodology.tex:582: Package minted Error: Missing Pygments output; \inputminted was
probably given a file that does not exist--otherwise, you may need 
the outputdir package option, or may be using an incompatible build tool,
or may be using frozencache with a missing file.

See the minted package documentation for explanation.
Type  H <return>  for immediate help.
 ...                                              
                                                  
l.582 \end{minted}
                  
This could be caused by using -output-directory or -aux-directory 
without setting minted's outputdir, or by using a build tool that 
changes paths in ways minted cannot detect, 
or using frozencache with a missing file.

\openout3 = `main.pyg'.

runsystem(pygmentize -l 'bash' -f latex -P commandprefix=PYG -F tokenmerge -P stripnl='False' -o _minted-main/BF0F8EDDF59665424B4C679EF8387129D3773C8B440B993359565A23D713B17A.pygtex main.pyg)...disabled (restricted).


./methodology.tex:589: Package minted Error: Missing Pygments output; \inputminted was
probably given a file that does not exist--otherwise, you may need 
the outputdir package option, or may be using an incompatible build tool,
or may be using frozencache with a missing file.

See the minted package documentation for explanation.
Type  H <return>  for immediate help.
 ...                                              
                                                  
l.589 \end{minted}
                  
This could be caused by using -output-directory or -aux-directory 
without setting minted's outputdir, or by using a build tool that 
changes paths in ways minted cannot detect, 
or using frozencache with a missing file.

\openout3 = `main.pyg'.

runsystem(pygmentize -l 'bash' -f latex -P commandprefix=PYG -F tokenmerge -P stripnl='False' -o _minted-main/9E7321319F274D0F87A140055C69C995D3773C8B440B993359565A23D713B17A.pygtex main.pyg)...disabled (restricted).


./methodology.tex:615: Package minted Error: Missing Pygments output; \inputminted was
probably given a file that does not exist--otherwise, you may need 
the outputdir package option, or may be using an incompatible build tool,
or may be using frozencache with a missing file.

See the minted package documentation for explanation.
Type  H <return>  for immediate help.
 ...                                              
                                                  
l.615 \end{minted}
                  
This could be caused by using -output-directory or -aux-directory 
without setting minted's outputdir, or by using a build tool that 
changes paths in ways minted cannot detect, 
or using frozencache with a missing file.

\openout3 = `main.pyg'.

runsystem(pygmentize -l 'bash' -f latex -P commandprefix=PYG -F tokenmerge -P stripnl='False' -o _minted-main/83975D77BC56863633174E84F9F6E186D3773C8B440B993359565A23D713B17A.pygtex main.pyg)...disabled (restricted).


./methodology.tex:625: Package minted Error: Missing Pygments output; \inputminted was
probably given a file that does not exist--otherwise, you may need 
the outputdir package option, or may be using an incompatible build tool,
or may be using frozencache with a missing file.

See the minted package documentation for explanation.
Type  H <return>  for immediate help.
 ...                                              
                                                  
l.625 \end{minted}
                  
This could be caused by using -output-directory or -aux-directory 
without setting minted's outputdir, or by using a build tool that 
changes paths in ways minted cannot detect, 
or using frozencache with a missing file.

[7]
\openout3 = `main.pyg'.

runsystem(pygmentize -l 'bash' -f latex -P commandprefix=PYG -F tokenmerge -P stripnl='False' -o _minted-main/8526A763C22F358CB624CFB69DDE1EC9D3773C8B440B993359565A23D713B17A.pygtex main.pyg)...disabled (restricted).



./methodology.tex:633: Package minted Error: Missing Pygments output; \inputminted was
probably given a file that does not exist--otherwise, you may need 
the outputdir package option, or may be using an incompatible build tool,
or may be using frozencache with a missing file.

See the minted package documentation for explanation.
Type  H <return>  for immediate help.
 ...                                              
                                                  
l.633 \end{minted}
                  
This could be caused by using -output-directory or -aux-directory 
without setting minted's outputdir, or by using a build tool that 
changes paths in ways minted cannot detect, 
or using frozencache with a missing file.

\openout3 = `main.pyg'.

runsystem(pygmentize -l 'bash' -f latex -P commandprefix=PYG -F tokenmerge -P stripnl='False' -o _minted-main/833CAD390780272835C414A672259B7AD3773C8B440B993359565A23D713B17A.pygtex main.pyg)...disabled (restricted).


./methodology.tex:640: Package minted Error: Missing Pygments output; \inputminted was
probably given a file that does not exist--otherwise, you may need 
the outputdir package option, or may be using an incompatible build tool,
or may be using frozencache with a missing file.

See the minted package documentation for explanation.
Type  H <return>  for immediate help.
 ...                                              
                                                  
l.640 \end{minted}
                  
This could be caused by using -output-directory or -aux-directory 
without setting minted's outputdir, or by using a build tool that 
changes paths in ways minted cannot detect, 
or using frozencache with a missing file.

\openout3 = `main.pyg'.

runsystem(pygmentize -l 'bash' -f latex -P commandprefix=PYG -F tokenmerge -P stripnl='False' -o _minted-main/B40DF9261D98594FD0E905A768D10E5FD3773C8B440B993359565A23D713B17A.pygtex main.pyg)...disabled (restricted).


./methodology.tex:647: Package minted Error: Missing Pygments output; \inputminted was
probably given a file that does not exist--otherwise, you may need 
the outputdir package option, or may be using an incompatible build tool,
or may be using frozencache with a missing file.

See the minted package documentation for explanation.
Type  H <return>  for immediate help.
 ...                                              
                                                  
l.647 \end{minted}
                  
This could be caused by using -output-directory or -aux-directory 
without setting minted's outputdir, or by using a build tool that 
changes paths in ways minted cannot detect, 
or using frozencache with a missing file.

\openout3 = `main.pyg'.

runsystem(pygmentize -l 'bash' -f latex -P commandprefix=PYG -F tokenmerge -P stripnl='False' -o _minted-main/8D446481C530C11E063A1D188A175680D3773C8B440B993359565A23D713B17A.pygtex main.pyg)...disabled (restricted).


./methodology.tex:657: Package minted Error: Missing Pygments output; \inputminted was
probably given a file that does not exist--otherwise, you may need 
the outputdir package option, or may be using an incompatible build tool,
or may be using frozencache with a missing file.

See the minted package documentation for explanation.
Type  H <return>  for immediate help.
 ...                                              
                                                  
l.657 \end{minted}
                  
This could be caused by using -output-directory or -aux-directory 
without setting minted's outputdir, or by using a build tool that 
changes paths in ways minted cannot detect, 
or using frozencache with a missing file.

\openout3 = `main.pyg'.

runsystem(pygmentize -l 'bash' -f latex -P commandprefix=PYG -F tokenmerge -P stripnl='False' -o _minted-main/C37DE493DBF5BBF3F7DF072FC40D2C36D3773C8B440B993359565A23D713B17A.pygtex main.pyg)...disabled (restricted).


./methodology.tex:664: Package minted Error: Missing Pygments output; \inputminted was
probably given a file that does not exist--otherwise, you may need 
the outputdir package option, or may be using an incompatible build tool,
or may be using frozencache with a missing file.

See the minted package documentation for explanation.
Type  H <return>  for immediate help.
 ...                                              
                                                  
l.664 \end{minted}
                  
This could be caused by using -output-directory or -aux-directory 
without setting minted's outputdir, or by using a build tool that 
changes paths in ways minted cannot detect, 
or using frozencache with a missing file.

) (./results.tex

LaTeX Warning: Reference `tab:benchmark_performance' on page 8 undefined on input line 11.


LaTeX Warning: Reference `tab:pingpong' on page 8 undefined on input line 15.


LaTeX Warning: Reference `tab:iperf' on page 8 undefined on input line 15.

[8]
<assets/hpcc_compute_performance.png, id=90, 570.2103pt x 426.393pt>
File: assets/hpcc_compute_performance.png Graphic file (type png)
<use assets/hpcc_compute_performance.png>
Package pdftex.def Info: assets/hpcc_compute_performance.png  used on input line 43.
(pdftex.def)             Requested size: 276.00105pt x 206.39046pt.
 [9 <./assets/hpcc_compute_performance.png>]
Overfull \hbox (6.82408pt too wide) in paragraph at lines 55--56
[]\OT1/cmr/m/n/10 Looking at the nom-i-nal per-for-mance. By run-ning the com-mand: \OT1/cmtt/m/n/10 sudo dmidecode
 []

\openout3 = `main.pyg'.

runsystem(pygmentize -l 'text' -f latex -P commandprefix=PYG -F tokenmerge -P stripnl='False' -o _minted-main/BA50C3CAED1358A9F616CA9BBC8DCBCE7D3289DBDE903A89739C57D3A0B8725F.pygtex main.pyg)...disabled (restricted).


./results.tex:60: Package minted Error: Missing Pygments output; \inputminted was
probably given a file that does not exist--otherwise, you may need 
the outputdir package option, or may be using an incompatible build tool,
or may be using frozencache with a missing file.

See the minted package documentation for explanation.
Type  H <return>  for immediate help.
 ...                                              
                                                  
l.60 \end{minted}
                 
This could be caused by using -output-directory or -aux-directory 
without setting minted's outputdir, or by using a build tool that 
changes paths in ways minted cannot detect, 
or using frozencache with a missing file.


Overfull \hbox (9.26901pt too wide) in paragraph at lines 82--109
 [][] 
 []

[10]
<assets/hpcc_memory_performance.png, id=108, 568.524pt x 426.393pt>
File: assets/hpcc_memory_performance.png Graphic file (type png)
<use assets/hpcc_memory_performance.png>
Package pdftex.def Info: assets/hpcc_memory_performance.png  used on input line 114.
(pdftex.def)             Requested size: 276.00105pt x 207.00854pt.
 [11]

LaTeX Warning: Reference `tab:pingpong' on page 12 undefined on input line 124.

[12 <./assets/hpcc_memory_performance.png>]
<assets/hpcc_latency_performance.png, id=121, 569.4876pt x 426.1521pt>
File: assets/hpcc_latency_performance.png Graphic file (type png)
<use assets/hpcc_latency_performance.png>
Package pdftex.def Info: assets/hpcc_latency_performance.png  used on input line 155.
(pdftex.def)             Requested size: 276.00105pt x 206.53395pt.
 [13 <./assets/hpcc_latency_performance.png>] [14]
<assets/VM local reader_Container local reader_log_surfaces.png, id=141, 1262.0751pt x 540.5796pt>
File: assets/VM local reader_Container local reader_log_surfaces.png Graphic file (type png)
<use assets/VM local reader_Container local reader_log_surfaces.png>
Package pdftex.def Info: assets/VM local reader_Container local reader_log_surfaces.png  used on input line 226.
(pdftex.def)             Requested size: 345.0pt x 147.77312pt.
<assets/VM shared reader_Container shared reader_log_surfaces.png, id=142, 1262.0751pt x 540.5796pt>
File: assets/VM shared reader_Container shared reader_log_surfaces.png Graphic file (type png)
<use assets/VM shared reader_Container shared reader_log_surfaces.png>
Package pdftex.def Info: assets/VM shared reader_Container shared reader_log_surfaces.png  used on input line 230.
(pdftex.def)             Requested size: 345.0pt x 147.77312pt.
 [15 <./assets/VM local reader_Container local reader_log_surfaces.png>]
<assets/VM local writer_Container local writer_log_surfaces.png, id=151, 1262.0751pt x 540.5796pt>
File: assets/VM local writer_Container local writer_log_surfaces.png Graphic file (type png)
<use assets/VM local writer_Container local writer_log_surfaces.png>
Package pdftex.def Info: assets/VM local writer_Container local writer_log_surfaces.png  used on input line 237.
(pdftex.def)             Requested size: 345.0pt x 147.77312pt.
<assets/VM shared writer_Container shared writer_log_surfaces.png, id=152, 1262.0751pt x 540.5796pt>
File: assets/VM shared writer_Container shared writer_log_surfaces.png Graphic file (type png)
<use assets/VM shared writer_Container shared writer_log_surfaces.png>
Package pdftex.def Info: assets/VM shared writer_Container shared writer_log_surfaces.png  used on input line 241.
(pdftex.def)             Requested size: 345.0pt x 147.77312pt.
<assets/VM local random read_Container local random read_log_surfaces.png, id=153, 1262.0751pt x 540.5796pt>
File: assets/VM local random read_Container local random read_log_surfaces.png Graphic file (type png)
<use assets/VM local random read_Container local random read_log_surfaces.png>
Package pdftex.def Info: assets/VM local random read_Container local random read_log_surfaces.png  used on input line 248.
(pdftex.def)             Requested size: 345.0pt x 147.77312pt.
<assets/VM shared random read_Container shared random read_log_surfaces.png, id=154, 1262.0751pt x 540.5796pt>
File: assets/VM shared random read_Container shared random read_log_surfaces.png Graphic file (type png)
<use assets/VM shared random read_Container shared random read_log_surfaces.png>
Package pdftex.def Info: assets/VM shared random read_Container shared random read_log_surfaces.png  used on input line 252.
(pdftex.def)             Requested size: 345.0pt x 147.77312pt.
 [16 <./assets/VM shared reader_Container shared reader_log_surfaces.png> <./assets/VM local writer_Container local writer_log_surfaces.png> <./assets/VM shared writer_Container shared writer_log_surfaces.png>]
<assets/VM local random write_Container local random write_log_surfaces.png, id=164, 1262.0751pt x 540.5796pt>
File: assets/VM local random write_Container local random write_log_surfaces.png Graphic file (type png)
<use assets/VM local random write_Container local random write_log_surfaces.png>
Package pdftex.def Info: assets/VM local random write_Container local random write_log_surfaces.png  used on input line 259.
(pdftex.def)             Requested size: 345.0pt x 147.77312pt.
<assets/VM shared random write_Container shared random write_log_surfaces.png, id=165, 1262.0751pt x 540.5796pt>
File: assets/VM shared random write_Container shared random write_log_surfaces.png Graphic file (type png)
<use assets/VM shared random write_Container shared random write_log_surfaces.png>
Package pdftex.def Info: assets/VM shared random write_Container shared random write_log_surfaces.png  used on input line 263.
(pdftex.def)             Requested size: 345.0pt x 147.77312pt.
 [17 <./assets/VM local random read_Container local random read_log_surfaces.png> <./assets/VM shared random read_Container shared random read_log_surfaces.png> <./assets/VM local random write_Container local random write_log_surfaces.png>]
Overfull \hbox (7.36176pt too wide) in paragraph at lines 270--271
\OT1/cmr/m/n/10 iperf is a stan-dard tool used to mea-sure net-work per-for-mance, specif-i-cally through-
 []

[18 <./assets/VM shared random write_Container shared random write_log_surfaces.png>]) (./conclusion.tex) [19] (./main.aux)
 ***********
LaTeX2e <2023-11-01> patch level 1
L3 programming layer <2024-01-22>
 ***********


LaTeX Warning: There were undefined references.


LaTeX Warning: Label(s) may have changed. Rerun to get cross-references right.


Package rerunfilecheck Warning: File `main.out' has changed.
(rerunfilecheck)                Rerun to get outlines right
(rerunfilecheck)                or use package `bookmark'.

Package rerunfilecheck Info: Checksums for `main.out':
(rerunfilecheck)             Before: <no file>
(rerunfilecheck)             After:  66586727E350A44F124ECE38F9942C11;3985.
runsystem(rm main.pyg)...disabled (restricted).

 ) 
Here is how much of TeX's memory you used:
 14377 strings out of 474222
 254319 string characters out of 5748734
 1936975 words of memory out of 5000000
 36369 multiletter control sequences out of 15000+600000
 565453 words of font info for 62 fonts, out of 8000000 for 9000
 1141 hyphenation exceptions out of 8191
 77i,9n,79p,807b,546s stack positions out of 10000i,1000n,20000p,200000b,200000s
</usr/share/texlive/texmf-dist/fonts/type1/public/amsfonts/cm/cmbx10.pfb></usr/share/texlive/texmf-dist/fonts/type1/public/amsfonts/cm/cmbx12.pfb></usr/share/texlive/texmf-dist/fonts/type1/public/amsfonts/cm/cmmi10.pfb></usr/share/texlive/texmf-dist/fonts/type1/public/amsfonts/cm/cmr10.pfb></usr/share/texlive/texmf-dist/fonts/type1/public/amsfonts/cm/cmr12.pfb></usr/share/texlive/texmf-dist/fonts/type1/public/amsfonts/cm/cmr17.pfb></usr/share/texlive/texmf-dist/fonts/type1/public/amsfonts/cm/cmr6.pfb></usr/share/texlive/texmf-dist/fonts/type1/public/amsfonts/cm/cmr7.pfb></usr/share/texlive/texmf-dist/fonts/type1/public/amsfonts/cm/cmr8.pfb></usr/share/texlive/texmf-dist/fonts/type1/public/amsfonts/cm/cmsy10.pfb></usr/share/texlive/texmf-dist/fonts/type1/public/amsfonts/cm/cmti10.pfb></usr/share/texlive/texmf-dist/fonts/type1/public/amsfonts/cm/cmti12.pfb></usr/share/texlive/texmf-dist/fonts/type1/public/amsfonts/cm/cmtt10.pfb></usr/share/texlive/texmf-dist/fonts/type1/public/amsfonts/cm/cmtt8.pfb></usr/share/texmf/fonts/type1/public/cm-super/sfbx1000.pfb></usr/share/texmf/fonts/type1/public/cm-super/sfrm1000.pfb></usr/share/texmf/fonts/type1/public/cm-super/sftt1000.pfb>
Output written on main.pdf (19 pages, 10624906 bytes).
PDF statistics:
 278 PDF objects out of 1000 (max. 8388607)
 199 compressed objects within 2 object streams
 74 named destinations out of 1000 (max. 500000)
 56 words of extra memory for PDF output out of 10000 (max. 10000000)

